2021-07-25 18:16:07.126  INFO 11696 --- [RMI TCP Connection(32)-127.0.0.1] inMXBeanRegistrar$SpringApplicationAdmin : Application shutdown requested.
2021-07-25 18:16:07.259  INFO 11696 --- [RMI TCP Connection(32)-127.0.0.1] j.LocalContainerEntityManagerFactoryBean : Closing JPA EntityManagerFactory for persistence unit 'default'
2021-07-25 18:16:07.262  INFO 11696 --- [RMI TCP Connection(32)-127.0.0.1] c.z.h.HikariDataSource                   : HikariPool-1 - Shutdown initiated...
2021-07-25 18:16:07.268  INFO 11696 --- [RMI TCP Connection(32)-127.0.0.1] c.z.h.HikariDataSource                   : HikariPool-1 - Shutdown completed.
2021-07-25 18:16:12.273  INFO 14916 --- [main] c.i.e.ElUcionicaAsApplication            : Starting ElUcionicaAsApplication using Java 1.8.0_271 on PSHND-PC with PID 14916 (E:\ITprekval\04.Bekend\SpringToolSuite\el_ucionica_AS\target\classes started by PSHND in E:\ITprekval\04.Bekend\SpringToolSuite\el_ucionica_AS)
2021-07-25 18:16:12.288  INFO 14916 --- [main] c.i.e.ElUcionicaAsApplication            : No active profile set, falling back to default profiles: default
2021-07-25 18:16:13.195  INFO 14916 --- [main] .s.d.r.c.RepositoryConfigurationDelegate : Bootstrapping Spring Data JPA repositories in DEFAULT mode.
2021-07-25 18:16:13.295  INFO 14916 --- [main] .s.d.r.c.RepositoryConfigurationDelegate : Finished Spring Data repository scanning in 89 ms. Found 9 JPA repository interfaces.
2021-07-25 18:16:13.999  INFO 14916 --- [main] o.s.b.w.e.t.TomcatWebServer              : Tomcat initialized with port(s): 8080 (http)
2021-07-25 18:16:14.012  INFO 14916 --- [main] o.a.c.c.StandardService                  : Starting service [Tomcat]
2021-07-25 18:16:14.012  INFO 14916 --- [main] o.a.c.c.StandardEngine                   : Starting Servlet engine: [Apache Tomcat/9.0.48]
2021-07-25 18:16:14.196  INFO 14916 --- [main] o.a.c.c.C.[.[.[/]                        : Initializing Spring embedded WebApplicationContext
2021-07-25 18:16:14.196  INFO 14916 --- [main] w.s.c.ServletWebServerApplicationContext : Root WebApplicationContext: initialization completed in 1851 ms
2021-07-25 18:16:14.768  INFO 14916 --- [main] c.z.h.HikariDataSource                   : HikariPool-1 - Starting...
2021-07-25 18:16:15.527  INFO 14916 --- [main] c.z.h.HikariDataSource                   : HikariPool-1 - Start completed.
2021-07-25 18:16:16.988  INFO 14916 --- [main] j.LocalContainerEntityManagerFactoryBean : Initialized JPA EntityManagerFactory for persistence unit 'default'
2021-07-25 18:16:17.717  WARN 14916 --- [main] JpaBaseConfiguration$JpaWebConfiguration : spring.jpa.open-in-view is enabled by default. Therefore, database queries may be performed during view rendering. Explicitly configure spring.jpa.open-in-view to disable this warning
2021-07-25 18:16:18.171  INFO 14916 --- [main] o.s.b.w.e.t.TomcatWebServer              : Tomcat started on port(s): 8080 (http) with context path ''
2021-07-25 18:16:18.182  INFO 14916 --- [main] c.i.e.ElUcionicaAsApplication            : Started ElUcionicaAsApplication in 6.616 seconds (JVM running for 7.83)
2021-07-25 18:16:53.017  INFO 14916 --- [http-nio-8080-exec-1] o.a.c.c.C.[.[.[/]                        : Initializing Spring DispatcherServlet 'dispatcherServlet'
2021-07-25 18:16:53.689  INFO 14916 --- [http-nio-8080-exec-1] c.i.e.s.GradeServicesImp                 : New grade made successfully. Student 26 got 3 in Subject28 from teacher 3.
2021-07-25 18:16:53.727  WARN 14916 --- [http-nio-8080-exec-1] c.i.e.s.EmailServicesImp                 : Student with ID 26 has no parent registered. Email about new grade not sent.
2021-07-25 18:17:15.099  INFO 14916 --- [http-nio-8080-exec-3] c.i.e.s.GradeServicesImp                 : Attempt was made to change grade by ID 20. Failed due to bad combination of subject, teacher and student.
2021-07-25 18:17:42.563  WARN 14916 --- [http-nio-8080-exec-5] c.i.e.s.GradeServicesImp                 : Grade 20 is being altered: 
2021-07-25 18:19:36.516  WARN 14916 --- [http-nio-8080-exec-8] c.i.e.s.GradeServicesImp                 : Grade 20 is being altered: 
2021-07-25 18:20:14.421  INFO 14916 --- [RMI TCP Connection(6)-127.0.0.1] inMXBeanRegistrar$SpringApplicationAdmin : Application shutdown requested.
2021-07-25 18:20:14.545  INFO 14916 --- [RMI TCP Connection(6)-127.0.0.1] j.LocalContainerEntityManagerFactoryBean : Closing JPA EntityManagerFactory for persistence unit 'default'
2021-07-25 18:20:14.548  INFO 14916 --- [RMI TCP Connection(6)-127.0.0.1] c.z.h.HikariDataSource                   : HikariPool-1 - Shutdown initiated...
2021-07-25 18:20:14.555  INFO 14916 --- [RMI TCP Connection(6)-127.0.0.1] c.z.h.HikariDataSource                   : HikariPool-1 - Shutdown completed.
2021-07-25 18:20:19.433  INFO 11596 --- [main] c.i.e.ElUcionicaAsApplication            : Starting ElUcionicaAsApplication using Java 1.8.0_271 on PSHND-PC with PID 11596 (E:\ITprekval\04.Bekend\SpringToolSuite\el_ucionica_AS\target\classes started by PSHND in E:\ITprekval\04.Bekend\SpringToolSuite\el_ucionica_AS)
2021-07-25 18:20:19.448  INFO 11596 --- [main] c.i.e.ElUcionicaAsApplication            : No active profile set, falling back to default profiles: default
2021-07-25 18:20:20.470  INFO 11596 --- [main] .s.d.r.c.RepositoryConfigurationDelegate : Bootstrapping Spring Data JPA repositories in DEFAULT mode.
2021-07-25 18:20:20.570  INFO 11596 --- [main] .s.d.r.c.RepositoryConfigurationDelegate : Finished Spring Data repository scanning in 88 ms. Found 9 JPA repository interfaces.
2021-07-25 18:20:21.264  INFO 11596 --- [main] o.s.b.w.e.t.TomcatWebServer              : Tomcat initialized with port(s): 8080 (http)
2021-07-25 18:20:21.277  INFO 11596 --- [main] o.a.c.c.StandardService                  : Starting service [Tomcat]
2021-07-25 18:20:21.278  INFO 11596 --- [main] o.a.c.c.StandardEngine                   : Starting Servlet engine: [Apache Tomcat/9.0.48]
2021-07-25 18:20:21.469  INFO 11596 --- [main] o.a.c.c.C.[.[.[/]                        : Initializing Spring embedded WebApplicationContext
2021-07-25 18:20:21.469  INFO 11596 --- [main] w.s.c.ServletWebServerApplicationContext : Root WebApplicationContext: initialization completed in 1935 ms
2021-07-25 18:20:22.043  INFO 11596 --- [main] c.z.h.HikariDataSource                   : HikariPool-1 - Starting...
2021-07-25 18:20:22.775  INFO 11596 --- [main] c.z.h.HikariDataSource                   : HikariPool-1 - Start completed.
2021-07-25 18:20:24.277  INFO 11596 --- [main] j.LocalContainerEntityManagerFactoryBean : Initialized JPA EntityManagerFactory for persistence unit 'default'
2021-07-25 18:20:25.004  WARN 11596 --- [main] JpaBaseConfiguration$JpaWebConfiguration : spring.jpa.open-in-view is enabled by default. Therefore, database queries may be performed during view rendering. Explicitly configure spring.jpa.open-in-view to disable this warning
2021-07-25 18:20:25.450  INFO 11596 --- [main] o.s.b.w.e.t.TomcatWebServer              : Tomcat started on port(s): 8080 (http) with context path ''
2021-07-25 18:20:25.461  INFO 11596 --- [main] c.i.e.ElUcionicaAsApplication            : Started ElUcionicaAsApplication in 6.71 seconds (JVM running for 7.861)
2021-07-25 18:20:34.845  INFO 11596 --- [http-nio-8080-exec-1] o.a.c.c.C.[.[.[/]                        : Initializing Spring DispatcherServlet 'dispatcherServlet'
2021-07-25 18:20:35.546  WARN 11596 --- [http-nio-8080-exec-1] c.i.e.s.GradeServicesImp                 : Grade 20 is being altered: grade changed to2, 
2021-07-25 18:22:07.444  INFO 11596 --- [RMI TCP Connection(5)-127.0.0.1] inMXBeanRegistrar$SpringApplicationAdmin : Application shutdown requested.
2021-07-25 18:22:07.565  INFO 11596 --- [RMI TCP Connection(5)-127.0.0.1] j.LocalContainerEntityManagerFactoryBean : Closing JPA EntityManagerFactory for persistence unit 'default'
2021-07-25 18:22:07.567  INFO 11596 --- [RMI TCP Connection(5)-127.0.0.1] c.z.h.HikariDataSource                   : HikariPool-1 - Shutdown initiated...
2021-07-25 18:22:07.576  INFO 11596 --- [RMI TCP Connection(5)-127.0.0.1] c.z.h.HikariDataSource                   : HikariPool-1 - Shutdown completed.
2021-07-25 18:22:12.427  INFO 7112 --- [main] c.i.e.ElUcionicaAsApplication            : Starting ElUcionicaAsApplication using Java 1.8.0_271 on PSHND-PC with PID 7112 (E:\ITprekval\04.Bekend\SpringToolSuite\el_ucionica_AS\target\classes started by PSHND in E:\ITprekval\04.Bekend\SpringToolSuite\el_ucionica_AS)
2021-07-25 18:22:12.442  INFO 7112 --- [main] c.i.e.ElUcionicaAsApplication            : No active profile set, falling back to default profiles: default
2021-07-25 18:22:13.355  INFO 7112 --- [main] .s.d.r.c.RepositoryConfigurationDelegate : Bootstrapping Spring Data JPA repositories in DEFAULT mode.
2021-07-25 18:22:13.456  INFO 7112 --- [main] .s.d.r.c.RepositoryConfigurationDelegate : Finished Spring Data repository scanning in 88 ms. Found 9 JPA repository interfaces.
2021-07-25 18:22:14.128  INFO 7112 --- [main] o.s.b.w.e.t.TomcatWebServer              : Tomcat initialized with port(s): 8080 (http)
2021-07-25 18:22:14.198  INFO 7112 --- [main] o.a.c.c.StandardService                  : Starting service [Tomcat]
2021-07-25 18:22:14.199  INFO 7112 --- [main] o.a.c.c.StandardEngine                   : Starting Servlet engine: [Apache Tomcat/9.0.48]
2021-07-25 18:22:14.325  INFO 7112 --- [main] o.a.c.c.C.[.[.[/]                        : Initializing Spring embedded WebApplicationContext
2021-07-25 18:22:14.326  INFO 7112 --- [main] w.s.c.ServletWebServerApplicationContext : Root WebApplicationContext: initialization completed in 1820 ms
2021-07-25 18:22:14.899  INFO 7112 --- [main] c.z.h.HikariDataSource                   : HikariPool-1 - Starting...
2021-07-25 18:22:15.648  INFO 7112 --- [main] c.z.h.HikariDataSource                   : HikariPool-1 - Start completed.
2021-07-25 18:22:17.090  INFO 7112 --- [main] j.LocalContainerEntityManagerFactoryBean : Initialized JPA EntityManagerFactory for persistence unit 'default'
2021-07-25 18:22:17.922  WARN 7112 --- [main] JpaBaseConfiguration$JpaWebConfiguration : spring.jpa.open-in-view is enabled by default. Therefore, database queries may be performed during view rendering. Explicitly configure spring.jpa.open-in-view to disable this warning
2021-07-25 18:22:18.488  INFO 7112 --- [main] o.s.b.w.e.t.TomcatWebServer              : Tomcat started on port(s): 8080 (http) with context path ''
2021-07-25 18:22:18.498  INFO 7112 --- [main] c.i.e.ElUcionicaAsApplication            : Started ElUcionicaAsApplication in 6.693 seconds (JVM running for 7.821)
2021-07-25 18:22:24.172  INFO 7112 --- [http-nio-8080-exec-1] o.a.c.c.C.[.[.[/]                        : Initializing Spring DispatcherServlet 'dispatcherServlet'
2021-07-25 18:22:24.691  WARN 7112 --- [http-nio-8080-exec-1] c.i.e.s.GradeServicesImp                 : Grade 20 is being altered: grade changed to 2, teacher changed to 3, Subject changed to null, semester adjusted, PLEASE CHECK FOR ACCURACY.
2021-07-25 18:23:36.941  INFO 7112 --- [http-nio-8080-exec-5] c.i.e.s.GradeServicesImp                 : Attempt to delete grade that doesn't exist.
2021-07-25 18:23:44.747  INFO 7112 --- [http-nio-8080-exec-6] c.i.e.s.GradeServicesImp                 : Deleted a grade by ID 45
2021-07-25 18:45:23.662  INFO 7112 --- [RMI TCP Connection(25)-127.0.0.1] inMXBeanRegistrar$SpringApplicationAdmin : Application shutdown requested.
2021-07-25 18:45:23.780  INFO 7112 --- [RMI TCP Connection(25)-127.0.0.1] j.LocalContainerEntityManagerFactoryBean : Closing JPA EntityManagerFactory for persistence unit 'default'
2021-07-25 18:45:23.783  INFO 7112 --- [RMI TCP Connection(25)-127.0.0.1] c.z.h.HikariDataSource                   : HikariPool-1 - Shutdown initiated...
2021-07-25 18:45:23.791  INFO 7112 --- [RMI TCP Connection(25)-127.0.0.1] c.z.h.HikariDataSource                   : HikariPool-1 - Shutdown completed.
2021-07-25 18:45:28.727  INFO 12800 --- [main] c.i.e.ElUcionicaAsApplication            : Starting ElUcionicaAsApplication using Java 1.8.0_271 on PSHND-PC with PID 12800 (E:\ITprekval\04.Bekend\SpringToolSuite\el_ucionica_AS\target\classes started by PSHND in E:\ITprekval\04.Bekend\SpringToolSuite\el_ucionica_AS)
2021-07-25 18:45:28.742  INFO 12800 --- [main] c.i.e.ElUcionicaAsApplication            : No active profile set, falling back to default profiles: default
2021-07-25 18:45:29.741  INFO 12800 --- [main] .s.d.r.c.RepositoryConfigurationDelegate : Bootstrapping Spring Data JPA repositories in DEFAULT mode.
2021-07-25 18:45:29.845  INFO 12800 --- [main] .s.d.r.c.RepositoryConfigurationDelegate : Finished Spring Data repository scanning in 91 ms. Found 9 JPA repository interfaces.
2021-07-25 18:45:30.559  INFO 12800 --- [main] o.s.b.w.e.t.TomcatWebServer              : Tomcat initialized with port(s): 8080 (http)
2021-07-25 18:45:30.571  INFO 12800 --- [main] o.a.c.c.StandardService                  : Starting service [Tomcat]
2021-07-25 18:45:30.571  INFO 12800 --- [main] o.a.c.c.StandardEngine                   : Starting Servlet engine: [Apache Tomcat/9.0.48]
2021-07-25 18:45:30.772  INFO 12800 --- [main] o.a.c.c.C.[.[.[/]                        : Initializing Spring embedded WebApplicationContext
2021-07-25 18:45:30.772  INFO 12800 --- [main] w.s.c.ServletWebServerApplicationContext : Root WebApplicationContext: initialization completed in 1953 ms
2021-07-25 18:45:31.381  INFO 12800 --- [main] c.z.h.HikariDataSource                   : HikariPool-1 - Starting...
2021-07-25 18:45:32.153  INFO 12800 --- [main] c.z.h.HikariDataSource                   : HikariPool-1 - Start completed.
2021-07-25 18:45:33.667  INFO 12800 --- [main] j.LocalContainerEntityManagerFactoryBean : Initialized JPA EntityManagerFactory for persistence unit 'default'
2021-07-25 18:45:34.397  WARN 12800 --- [main] JpaBaseConfiguration$JpaWebConfiguration : spring.jpa.open-in-view is enabled by default. Therefore, database queries may be performed during view rendering. Explicitly configure spring.jpa.open-in-view to disable this warning
2021-07-25 18:45:34.857  INFO 12800 --- [main] o.s.b.w.e.t.TomcatWebServer              : Tomcat started on port(s): 8080 (http) with context path ''
2021-07-25 18:45:34.867  INFO 12800 --- [main] c.i.e.ElUcionicaAsApplication            : Started ElUcionicaAsApplication in 6.774 seconds (JVM running for 7.989)
2021-07-25 18:45:57.534  INFO 12800 --- [http-nio-8080-exec-2] o.a.c.c.C.[.[.[/]                        : Initializing Spring DispatcherServlet 'dispatcherServlet'
2021-07-25 18:46:11.250  INFO 12800 --- [http-nio-8080-exec-4] c.i.e.s.GroupServicesImp                 : Created a new group, designation 1-2 and ID null. Please, add students.
2021-07-25 18:47:02.179  INFO 12800 --- [http-nio-8080-exec-6] c.i.e.s.GroupServicesImp                 : attempted to alter a non-existing group.
2021-07-25 18:47:11.249  INFO 12800 --- [http-nio-8080-exec-8] c.i.e.s.GroupServicesImp                 : attempted to alter a non-existing group.
2021-07-25 18:48:30.922  INFO 12800 --- [RMI TCP Connection(5)-127.0.0.1] inMXBeanRegistrar$SpringApplicationAdmin : Application shutdown requested.
2021-07-25 18:48:31.040  INFO 12800 --- [RMI TCP Connection(5)-127.0.0.1] j.LocalContainerEntityManagerFactoryBean : Closing JPA EntityManagerFactory for persistence unit 'default'
2021-07-25 18:48:31.042  INFO 12800 --- [RMI TCP Connection(5)-127.0.0.1] c.z.h.HikariDataSource                   : HikariPool-1 - Shutdown initiated...
2021-07-25 18:48:31.052  INFO 12800 --- [RMI TCP Connection(5)-127.0.0.1] c.z.h.HikariDataSource                   : HikariPool-1 - Shutdown completed.
2021-07-25 18:48:35.943  INFO 13976 --- [main] c.i.e.ElUcionicaAsApplication            : Starting ElUcionicaAsApplication using Java 1.8.0_271 on PSHND-PC with PID 13976 (E:\ITprekval\04.Bekend\SpringToolSuite\el_ucionica_AS\target\classes started by PSHND in E:\ITprekval\04.Bekend\SpringToolSuite\el_ucionica_AS)
2021-07-25 18:48:35.957  INFO 13976 --- [main] c.i.e.ElUcionicaAsApplication            : No active profile set, falling back to default profiles: default
2021-07-25 18:48:36.916  INFO 13976 --- [main] .s.d.r.c.RepositoryConfigurationDelegate : Bootstrapping Spring Data JPA repositories in DEFAULT mode.
2021-07-25 18:48:37.022  INFO 13976 --- [main] .s.d.r.c.RepositoryConfigurationDelegate : Finished Spring Data repository scanning in 90 ms. Found 9 JPA repository interfaces.
2021-07-25 18:48:37.752  INFO 13976 --- [main] o.s.b.w.e.t.TomcatWebServer              : Tomcat initialized with port(s): 8080 (http)
2021-07-25 18:48:37.765  INFO 13976 --- [main] o.a.c.c.StandardService                  : Starting service [Tomcat]
2021-07-25 18:48:37.766  INFO 13976 --- [main] o.a.c.c.StandardEngine                   : Starting Servlet engine: [Apache Tomcat/9.0.48]
2021-07-25 18:48:37.949  INFO 13976 --- [main] o.a.c.c.C.[.[.[/]                        : Initializing Spring embedded WebApplicationContext
2021-07-25 18:48:37.950  INFO 13976 --- [main] w.s.c.ServletWebServerApplicationContext : Root WebApplicationContext: initialization completed in 1927 ms
2021-07-25 18:48:38.533  INFO 13976 --- [main] c.z.h.HikariDataSource                   : HikariPool-1 - Starting...
2021-07-25 18:48:39.290  INFO 13976 --- [main] c.z.h.HikariDataSource                   : HikariPool-1 - Start completed.
2021-07-25 18:48:40.716  INFO 13976 --- [main] j.LocalContainerEntityManagerFactoryBean : Initialized JPA EntityManagerFactory for persistence unit 'default'
2021-07-25 18:48:41.447  WARN 13976 --- [main] JpaBaseConfiguration$JpaWebConfiguration : spring.jpa.open-in-view is enabled by default. Therefore, database queries may be performed during view rendering. Explicitly configure spring.jpa.open-in-view to disable this warning
2021-07-25 18:48:41.892  INFO 13976 --- [main] o.s.b.w.e.t.TomcatWebServer              : Tomcat started on port(s): 8080 (http) with context path ''
2021-07-25 18:48:41.902  INFO 13976 --- [main] c.i.e.ElUcionicaAsApplication            : Started ElUcionicaAsApplication in 6.607 seconds (JVM running for 7.758)
2021-07-25 18:48:52.298  INFO 13976 --- [http-nio-8080-exec-2] o.a.c.c.C.[.[.[/]                        : Initializing Spring DispatcherServlet 'dispatcherServlet'
2021-07-25 18:48:52.759  WARN 13976 --- [http-nio-8080-exec-2] c.i.e.s.GroupServicesImp                 : Group 46 altered. Please, check the information.
2021-07-25 18:49:08.872  INFO 13976 --- [http-nio-8080-exec-3] c.i.e.s.GroupServicesImp                 : Group 12 has advanced to next year.
2021-07-25 18:49:16.483  INFO 13976 --- [http-nio-8080-exec-4] c.i.e.s.GroupServicesImp                 : Group 46 has advanced to next year.
2021-07-25 18:49:19.493  INFO 13976 --- [http-nio-8080-exec-5] c.i.e.s.GroupServicesImp                 : Group 46 has advanced to next year.
2021-07-25 18:49:50.073  INFO 13976 --- [http-nio-8080-exec-8] c.i.e.s.GroupServicesImp                 : Student 4 added to group 46.
2021-07-25 18:50:32.070  INFO 13976 --- [http-nio-8080-exec-7] c.i.e.s.GroupServicesImp                 : Attempted to delete a group that doesn't exist
2021-07-25 18:50:36.708  INFO 13976 --- [http-nio-8080-exec-10] c.i.e.s.GroupServicesImp                 : Group 12 deleted. Please. reassign the students.
2021-07-25 21:47:40.390  INFO 13976 --- [RMI TCP Connection(181)-127.0.0.1] inMXBeanRegistrar$SpringApplicationAdmin : Application shutdown requested.
2021-07-25 21:47:40.535  INFO 13976 --- [RMI TCP Connection(181)-127.0.0.1] j.LocalContainerEntityManagerFactoryBean : Closing JPA EntityManagerFactory for persistence unit 'default'
2021-07-25 21:47:40.543  INFO 13976 --- [RMI TCP Connection(181)-127.0.0.1] c.z.h.HikariDataSource                   : HikariPool-1 - Shutdown initiated...
2021-07-25 21:47:40.553  INFO 13976 --- [RMI TCP Connection(181)-127.0.0.1] c.z.h.HikariDataSource                   : HikariPool-1 - Shutdown completed.
2021-07-25 21:47:45.619  INFO 12044 --- [main] c.i.e.ElUcionicaAsApplication            : Starting ElUcionicaAsApplication using Java 1.8.0_271 on PSHND-PC with PID 12044 (E:\ITprekval\04.Bekend\SpringToolSuite\el_ucionica_AS\target\classes started by PSHND in E:\ITprekval\04.Bekend\SpringToolSuite\el_ucionica_AS)
2021-07-25 21:47:45.632  INFO 12044 --- [main] c.i.e.ElUcionicaAsApplication            : No active profile set, falling back to default profiles: default
2021-07-25 21:47:46.561  INFO 12044 --- [main] .s.d.r.c.RepositoryConfigurationDelegate : Bootstrapping Spring Data JPA repositories in DEFAULT mode.
2021-07-25 21:47:46.657  INFO 12044 --- [main] .s.d.r.c.RepositoryConfigurationDelegate : Finished Spring Data repository scanning in 85 ms. Found 9 JPA repository interfaces.
2021-07-25 21:47:47.347  INFO 12044 --- [main] o.s.b.w.e.t.TomcatWebServer              : Tomcat initialized with port(s): 8080 (http)
2021-07-25 21:47:47.359  INFO 12044 --- [main] o.a.c.c.StandardService                  : Starting service [Tomcat]
2021-07-25 21:47:47.360  INFO 12044 --- [main] o.a.c.c.StandardEngine                   : Starting Servlet engine: [Apache Tomcat/9.0.48]
2021-07-25 21:47:47.544  INFO 12044 --- [main] o.a.c.c.C.[.[.[/]                        : Initializing Spring embedded WebApplicationContext
2021-07-25 21:47:47.544  INFO 12044 --- [main] w.s.c.ServletWebServerApplicationContext : Root WebApplicationContext: initialization completed in 1848 ms
2021-07-25 21:47:48.110  INFO 12044 --- [main] c.z.h.HikariDataSource                   : HikariPool-1 - Starting...
2021-07-25 21:47:48.860  INFO 12044 --- [main] c.z.h.HikariDataSource                   : HikariPool-1 - Start completed.
2021-07-25 21:47:50.494  INFO 12044 --- [main] j.LocalContainerEntityManagerFactoryBean : Initialized JPA EntityManagerFactory for persistence unit 'default'
2021-07-25 21:47:51.226  WARN 12044 --- [main] JpaBaseConfiguration$JpaWebConfiguration : spring.jpa.open-in-view is enabled by default. Therefore, database queries may be performed during view rendering. Explicitly configure spring.jpa.open-in-view to disable this warning
2021-07-25 21:47:51.679  INFO 12044 --- [main] o.s.b.w.e.t.TomcatWebServer              : Tomcat started on port(s): 8080 (http) with context path ''
2021-07-25 21:47:51.690  INFO 12044 --- [main] c.i.e.ElUcionicaAsApplication            : Started ElUcionicaAsApplication in 6.712 seconds (JVM running for 7.841)
2021-07-25 21:48:32.865  INFO 12044 --- [http-nio-8080-exec-1] o.a.c.c.C.[.[.[/]                        : Initializing Spring DispatcherServlet 'dispatcherServlet'
2021-07-25 21:48:33.090  INFO 12044 --- [http-nio-8080-exec-1] c.i.e.s.SubjectServicesImp               : Created new subject named engleski with 2 hours a week, for year 1
2021-07-25 21:49:56.803  WARN 12044 --- [http-nio-8080-exec-5] c.i.e.s.SubjectServicesImp               : Altered subject with ID 47. Please, check details.
2021-07-25 21:51:40.437  INFO 12044 --- [http-nio-8080-exec-8] c.i.e.s.SubjectServicesImp               : Attempted to delete a non-existant subject.
2021-07-25 21:51:45.570  INFO 12044 --- [http-nio-8080-exec-10] c.i.e.s.SubjectServicesImp               : Deleted subject with ID 47
2021-07-25 21:53:10.210  INFO 12044 --- [http-nio-8080-exec-3] c.i.e.s.SubjectServicesImp               : Created new subject named engleski with 2 hours a week, for year 1
2021-07-25 21:53:50.783  INFO 12044 --- [http-nio-8080-exec-5] c.i.e.s.SubjectServicesImp               : Attempted to add a teacher to a non-existant subject.
2021-07-25 21:54:12.427  INFO 12044 --- [http-nio-8080-exec-7] c.i.e.s.SubjectServicesImp               : Teacher 49 is assigned to subject 48
2021-07-25 21:54:40.373  INFO 12044 --- [http-nio-8080-exec-8] c.i.e.s.SubjectServicesImp               : Attempted to add a subject to a non-existant group.
2021-07-25 21:55:05.464  INFO 12044 --- [http-nio-8080-exec-2] c.i.e.s.GroupServicesImp                 : Created a new group, designation 1-3 and ID null. Please, add students.
2021-07-25 21:55:24.939  INFO 12044 --- [http-nio-8080-exec-1] c.i.e.s.SubjectServicesImp               : Assign subject 48 taught by 49 to 0 students in group 51
2021-07-25 21:56:40.407  INFO 12044 --- [http-nio-8080-exec-5] c.i.e.s.GroupServicesImp                 : Student 52 added to group 51.
2021-07-25 21:56:58.068  INFO 12044 --- [http-nio-8080-exec-6] c.i.e.s.SubjectServicesImp               : Assign subject 48 taught by 49 to 1 students in group 51
2021-07-25 21:57:08.313  INFO 12044 --- [http-nio-8080-exec-7] c.i.e.s.SubjectServicesImp               : Assign subject 48 taught by 49 to 0 students in group 51
